version: (200506)

available memory: 64M bytes
used memory: 901120 bytes [need 880K bytes if disable swap]

used block: 47 [memory(47) file(0)]
                 [ 8K(38) 64K(9) { total 880K bytes } ]
overhead: (192425) bytes for (47) blocks [Average: (4094) bytes/block]

write  => 0(times) 0K(bytes) [0K bytes to file]
read   => 9(times) 461K(bytes) [98K bytes compressed data from file]
access => 3638518(times) 28472M(bytes)
          [hit ratio: 99.9998%]

time: write(0) read(0)  unit: second

swap file directory: (/home/aedu30/fft/verilog/verdiLog)
used swap file number: (3)



swap file manager:
arrSize: (256)
idxCnt: (4)
closeHead: (1)
closeTail: (3)
openCnt: (1)
fid(3): fd(0) fileName(NULL)
	mode(rb)	hot(1) cool(0) pos(0)
fid(2): fd(30) fileName(/home/aedu30/fft/verilog/verdiLog/_swap_0001#261616969#129807)
	size(0) lastModTime(0) curModTime(1754148499)
	mode(w+b)	hot(3) cool(1) pos(0)
fid(1): fd(0) fileName(NULL)
	mode(rb)	hot(2) cool(3) pos(0)
fid(0): fd(0) fileName(NULL)
	mode(NULL)	hot(0) cool(0) pos(0)
Swap system is reset at (Sun Aug  3 00:48:41 2025
)
version: (200506)

available memory: 64M bytes
used memory: 2M bytes [need 880K bytes if disable swap]

used block: 67 [memory(67) file(0)]
                 [ 8K(53) 64K(14) { total 2M bytes } ]
overhead: (192425) bytes for (67) blocks [Average: (2872) bytes/block]

write  => 0(times) 0K(bytes) [0K bytes to file]
read   => 14(times) 722K(bytes) [153K bytes compressed data from file]
access => 3879617(times) 30375M(bytes)
          [hit ratio: 99.9996%]

time: write(0) read(0)  unit: second

swap file directory: (/home/aedu30/fft/verilog/verdiLog)
used swap file number: (6)



swap file manager:
arrSize: (256)
idxCnt: (7)
closeHead: (4)
closeTail: (6)
openCnt: (3)
fid(6): fd(1073741825) fileName(/home/aedu30/fft/verilog/simv.daidir/kdb.elab++/work.lib++/tb_fft_gate.sv.tdc)
	size(6196) lastModTime(1754149686) curModTime(1754149686)
	mode(rb)	hot(0) cool(5) pos(0)
fid(5): fd(52) fileName(/home/aedu30/fft/verilog/verdiLog/_swap_0001#261616969#129807)
	size(0) lastModTime(0) curModTime(1754149722)
	mode(w+b)	hot(6) cool(4) pos(0)
fid(4): fd(1073741824) fileName(/home/aedu30/fft/verilog/simv.daidir/kdb.elab++/work.lib++/FFT_0.v.tdc)
	size(21909983) lastModTime(1754149686) curModTime(1754149686)
	mode(rb)	hot(5) cool(0) pos(0)
fid(3): fd(0) fileName(NULL)
	mode(NULL)	hot(0) cool(0) pos(0)
fid(2): fd(0) fileName(NULL)
	mode(NULL)	hot(0) cool(0) pos(0)
fid(1): fd(0) fileName(NULL)
	mode(NULL)	hot(0) cool(0) pos(0)
fid(0): fd(0) fileName(NULL)
	mode(NULL)	hot(0) cool(0) pos(0)
==================================================
mySelf(0x26b6f140) pre(0x22908300) next((nil))
version(200506)
date(Dec  3 2024 20:20:45)
