Command: /home/aedu30/fft/verilog/simv -sml=verdi +UVM_VERDI_TRACE=UVM_AWARE +fsdb+gate=off -ucli2Proc -ucli -l /home/aedu30/fft/verilog/verdiLog/sim.log
Chronologic VCS simulator copyright 1991-2024
Contains Synopsys proprietary information.
Compiler version W-2024.09-SP1_Full64; Runtime version W-2024.09-SP1_Full64;  Aug  3 00:48 2025
Warning : License for product VCS-BASE-RUNTIME will expire within 12 days, on: 14-aug-2025.
If you would like to temporarily disable this message, set 
 the VCS_LIC_EXPIRE_WARNING environment variable to the number of days
before expiration that you want this message to start (the minimum is 0).

ucli% loaddl -simv /tools/synopsys/verdi/W-2024.09-SP2/share/PLI/VCS/LINUXAMD64/libnovas.so LoadFSDBDumpCmd;LoadFSDBDumpCmd
LoadFSDBDumpCmd success
ucli% config ckptfsdbcheck off;config endofsim noexit;config onfail {enable all};config followactivescope on;catch {setUcliVerdiConnected};set watch::resultTagsForVerdiBP {<ucli_break_bp_status_begin> <ucli_break_bp_status_end>};set ucliCore::support_restore_through_stask_in_verdi 1;cbug::config pretty_print auto;fsdbDumpfile {/home/aedu30/fft/verilog/inter.fsdb} ;fsdbDumpflush ; 
*Verdi* Loading libsscore_vcs202409.so
FSDB Dumper for VCS, Release Verdi_W-2024.09-SP2, Linux x86_64/64bit, 03/03/2025
(C) 1996 - 2025 by Synopsys, Inc.
*Verdi* : Create FSDB file '/home/aedu30/fft/verilog/inter.fsdb'
*Verdi* : Flush all FSDB Files at 0 fs.

ucli% synEnv::hasFataled
0
ucli% ucliCore::getToolPID
230650
ucli% sps_interactive
*Verdi* : Enable RPC Server(230650)

ucli% ucliCore::getToolPID
230650
ucli% ucliCore::getToolPID
230650
ucli% if {[catch {ucliCore::setFocus tool}]} {}

ucli% puts $ucliCore::nativeUcliMode
0

ucli% ucliCore::getToolTopPID
230650
ucli% pid
230662
ucli% synUtils::sendTool -active {_icl_createSharedMemory /tmp/vcs_dve_general.aedu30.230650 }

ucli% if { [info vars watch::vcbp_str_len_limit_of_get_value] != ""} {set watch::vcbp_str_len_limit_of_get_value 1024}
1024
ucli% info command stateVerdiChangeCB

ucli% proc stateVerdiChangeCB args { if {$ucliGUI::state eq "terminated"} {puts "\n<VERDI_Terminated>\n";catch {setVerdiSimTerminated}}}

ucli% trace variable ucliGUI::state wu stateVerdiChangeCB

ucli% if {[catch {rename synopsys::restore verdiHack::restore} ]} {puts "0"}

ucli% proc synopsys::restore {args} { verdiHack::restore $args; puts "\n<VERDI_RESTORE>\n"}

ucli% if {[catch {rename quit verdiHack::quit} ]} {puts "0"}

ucli% proc quit {args} { if {[string length $args] == 0} { verdiHack::quit; } elseif {([string equal "-h" $args] == 1)||([string equal "-he" $args] == 1)||([string equal "-hel" $args] == 1)||([string equal "-help" $args] == 1)} { puts "\n quit           # Exit the simulation.\n \[-noprompt\]        (Exit the simulation and Verdi.)\n"} elseif {([string equal "-n" $args] == 1)||([string equal "-no" $args] == 1)||([string equal "-nop" $args] == 1)||([string equal "-nopr" $args] == 1)||([string equal "-nopro" $args] == 1)||([string equal "-noprom" $args] == 1)||([string equal "-nopromp" $args] == 1)||([string equal "-noprompt" $args] == 1)} { puts "\nVERDI_EXIT_N\n" } else { verdiHack::quit $args; } }

ucli% if {[catch {rename exit verdiHack::exit} ]} {puts "0"}

ucli% proc exit {args} { if {[string length $args] == 0} { verdiHack::exit; } elseif {([string equal "-h" $args] == 1)||([string equal "-he" $args] == 1)||([string equal "-hel" $args] == 1)||([string equal "-help" $args] == 1)} { puts "\n exit           # Exit the simulation.\n \[-noprompt\]        (Exit the simulation and Verdi.)\n"} elseif {([string equal "-n" $args] == 1)||([string equal "-no" $args] == 1)||([string equal "-nop" $args] == 1)||([string equal "-nopr" $args] == 1)||([string equal "-nopro" $args] == 1)||([string equal "-noprom" $args] == 1)||([string equal "-nopromp" $args] == 1)||([string equal "-noprompt" $args] == 1)} { puts "\nVERDI_EXIT_N\n" } else { verdiHack::exit $args; } }

ucli% proc checkpoint::beforeRecreate {} { sps_interactive }

ucli% if {[catch {ucliCore::setFocus tool}]} {}

ucli% save::getUserdefinedProcs
::stateVerdiChangeCB ::LoadFSDBDumpCmd
ucli% info procs
ipi_get_str fsdbDumpMDAByFile fsdbDumpMDA echo fsdbDumpMemNow fsdbAutoSwitchDumpfile unknown sps_interactive auto_import stat fsdbDumpfile setenv auto_execok pkg_mkIndex stateVerdiChangeCB fsdbDumpSingle proc_body ipi_begin fsdbDumpoff getenv fsdbDumplimit fsdbDumpPattern ipi_handle ipi_get_prop fsdbDumpvarsByFile fsdbDumpMDAInScope lminus ipi_sim_get ls auto_load_index proc_args fsdbAddRuntimeSignal fsdbDumpSC print_message_info ridbDump fsdbDumpSVAoff fsdbSuppress fsdbDumpvars help fsdbDumpMDAOnChange ipi_control auto_qualify fsdbDumpMem sourceSavedOnbreakHandler tclPkgUnknown printenv ipi_handle_by_name helpdoc fsdbDumpMemInScope fsdbDumpFinish is_true fsdbDumpon sh fsdbQueryInfo LoadFSDBDumpCmd fsdbDumpPSL fsdbDumpSVA ipi_end wrapperSpecmanSn fsdbDumpSVAon fsdbDumpClassObjectByFile is_false auto_load fsdbDumpPSLon ipi_get_int64 fsdbSubstituteHier ipi_get_value ipi_iterate exit fsdbDumpMemInFile tclLog fsdbDumpflush get_unix_variable mem_debug ipi_scan fsdbDumpPSLoff fsdbDumpClassObject fsdbDumpvarsToFile set_unix_variable bgerror fsdbDumpStrength add_group fsdbSwitchDumpfile source add_wave sos_fsdbDumpvars ipi_set_prop unsetenv fsdbDumpvarsES readline fsdbDisplay ipi_handle_free set_group ipi_get quit define_proc_attributes tclPkgSetup fsdbDumpMDANow ipi_init_play_tcl fsdbDumpIO
ucli% info commands
ipi_get_str cchange subst fsdbDumpMDAByFile pwd cshow guiSource fsdbDumpMDA echo fsdbDumpMemNow fsdbAutoSwitchDumpfile ucliConnectToSharedMem unknown ucliIsScriptPauseByVerdi lrange sps_interactive auto_import setVerdiSimTerminated coverage case stat fsdbDumpfile break setenv dump auto_execok msglog linsert pkg_mkIndex dumplist catch stateVerdiChangeCB mpformat fsdbDumpSingle if join detach_sim halt proc_body abortScriptAfterDetachVerdi report_violations which lp_show ipi_begin pause dve_help fsdbDumpoff format getenv listing fsdbDumplimit package binary trace ctimeout onbreak after flush fsdbDumpPattern step restore ipi_handle power continue get_command_option_values force try foreach ipi_get_prop fsdbDumpvarsByFile lrepeat tailcall unset fsdbDumpMDAInScope lminus ipi_sim_get interp write_app_var lindex stack yield ls resetInterruptCount runAfterDetachVerdi eof saif list printvar create_command_group keysFileChangeCB virtual auto_load_index checkpoint proc_args finish fsdbAddRuntimeSignal cgettimeout sexpr lsearch fblocked fsdbDumpSC fanin lappend print_message_info proc cextract ridbDump writelist get_defined_commands cdump fsdbDumpSVAoff fsdbSuppress man set_sig_vas_in_waiting_input fconfigure fsdbDumpvars help fsdbDumpMDAOnChange ipi_control switch auto_qualify fsdbDumpMem mpexpr status sourceSavedOnbreakHandler tclPkgUnknown close printenv ipi_handle_by_name helpdoc thread lreverse set read fsdbDumpMemInScope initAttachableFile unalias fsdbDumpFinish setVerdiAttachable seek while set_cle_options is_true set_message_info writeKeyLog cbug fsdbDumpon find_forces yieldto sh start_verdi load fsdbQueryInfo memory sn vcsExecFuncInSharedObject cenable history puts gdb loadSharedObject tblog assertion resume _synopsys_cci_unalias socket tell open get_message_ids cadd exec pid stop LoadFSDBDumpCmd unloadSharedObject redirect fsdbDumpPSL throw fsdbDumpSVA ipi_end return ace wrapperSpecmanSn error fsdbDumpSVAon split fsdbDumpClassObjectByFile is_false array ucliAttachedByVerdi vbus get lreplace concat coroutine fcopy update parse_proc_arguments report_app_var run search setUcliVerdiStatus for append auto_load fsdbDumpPSLon ucliLaunchVerdi alias logFileChangeCB scan setUcliVerdiConnected apply abort set_current_command_mode release zlib chan loads _spw_define_proc_attributes ipi_get_int64 onerror print_suppressed_messages scope fileevent fsdbSubstituteHier inputFileChangeCB regexp resultTagsForVerdiCB set_app_var ipi_get_value cdelete upvar ipi_iterate save encoding onfail exit fsdbDumpMemInFile incr tclLog fsdbDumpflush get_message_info get_unix_variable show senv glob mem_debug ipi_scan GUIsource config fsdbDumpPSLoff time eval lassign fsdbDumpClassObject gets fsdbDumpvarsToFile tcl_exit set_unix_variable restart start change llength variable constraints xprop bgerror fsdbDumpStrength call clock info apropos add_group fsdbSwitchDumpfile ucliDetachVerdi source GUI_tcl_shell_puts global tcheck initreg add_wave report_timing sos_fsdbDumpvars ipi_set_prop next drivers cd file lmap unload namespace loaddl unsetenv get_app_var fsdbDumpvarsES suppress_message vwait dict readline fsdbDisplay uplevel ipi_handle_free date set_group lset rename ipi_get quit sh_list_key_bindings do unsuppress_message define_proc_attributes error_info tclPkgSetup expr printPromptStr regsub onCheckpointCB csave fsdbDumpMDANow dtl_load ipi_init_play_tcl lsort fsdbDumpIO doFileChangeCB _synopsys_cci_alias writeHistoryLog cdisable string
ucli% set ucliCore::resultTagsForVerdi [list <?special_verdi_begin?> <?special_verdi_end?>]
<?special_verdi_begin?> <?special_verdi_end?>
ucli% if {[catch {ucliCore::setFocus tool}]} {}

ucli% if {[catch {get uvm_pkg.UVM_VERSION_STRING} result] == 0} {puts $result}

ucli% senv hasTB
0
ucli% if {[catch {ucliCore::setFocus tool}]} {}

ucli% fsdbDumpvars 0 "tb_fft_gate.dut.clk"  +all +trace_process;fsdbDumpvars 0 "tb_fft_gate.dut.rstn"  +all +trace_process;fsdbDumpvars 0 "tb_fft_gate.dut.valid_in"  +all +trace_process;fsdbDumpvars 0 "tb_fft_gate.dut.din_i"  +all +trace_process;fsdbDumpvars 0 "tb_fft_gate.dut.din_q"  +all +trace_process;fsdbDumpvars 0 "tb_fft_gate.dut.valid_out"  +all +trace_process;fsdbDumpvars 0 "tb_fft_gate.dut.dout_i"  +all +trace_process;fsdbDumpvars 0 "tb_fft_gate.dut.dout_q"  +all +trace_process;fsdbDumpvars 0 "tb_fft_gate.dut.U_MODULE0.U_CBFP0.clk"  +all +trace_process;fsdbDumpvars 0 "tb_fft_gate.dut.U_MODULE0.U_CBFP0.rstn"  +all +trace_process;fsdbDumpvars 0 "tb_fft_gate.dut.U_MODULE0.U_CBFP0.real_in"  +all +trace_process;fsdbDumpvars 0 "tb_fft_gate.dut.U_MODULE0.U_CBFP0.imag_in"  +all +trace_process;fsdbDumpvars 0 "tb_fft_gate.dut.U_MODULE0.U_CBFP0.in_valid"  +all +trace_process;fsdbDumpvars 0 "tb_fft_gate.dut.U_MODULE0.U_CBFP0.real_out"  +all +trace_process;fsdbDumpvars 0 "tb_fft_gate.dut.U_MODULE0.U_CBFP0.imag_out"  +all +trace_process;fsdbDumpvars 0 "tb_fft_gate.dut.U_MODULE0.U_CBFP0.index_out"  +all +trace_process;fsdbDumpvars 0 "tb_fft_gate.dut.U_MODULE0.U_CBFP0.valid_out"  +all +trace_process
*Verdi* : Dumping the signal (tb_fft_gate.dut.clk).
*Verdi* : Dumping the signal (tb_fft_gate.dut.rstn).
*Verdi* : Dumping the signal (tb_fft_gate.dut.valid_in).
*Verdi* : Dumping the signal (tb_fft_gate.dut.din_i).
*Verdi* : Dumping the signal (tb_fft_gate.dut.din_q).
*Verdi* : Dumping the signal (tb_fft_gate.dut.valid_out).
*Verdi* : Dumping the signal (tb_fft_gate.dut.dout_i).
*Verdi* : Dumping the signal (tb_fft_gate.dut.dout_q).
*Verdi* : Dumping the signal (tb_fft_gate.dut.U_MODULE0.U_CBFP0.clk).
*Verdi* : Dumping the signal (tb_fft_gate.dut.U_MODULE0.U_CBFP0.rstn).
*Verdi* : Dumping the signal (tb_fft_gate.dut.U_MODULE0.U_CBFP0.real_in).
*Verdi* : Dumping the signal (tb_fft_gate.dut.U_MODULE0.U_CBFP0.imag_in).
*Verdi* : Dumping the signal (tb_fft_gate.dut.U_MODULE0.U_CBFP0.in_valid).
*Verdi* : Dumping the signal (tb_fft_gate.dut.U_MODULE0.U_CBFP0.real_out).
*Verdi* : Dumping the signal (tb_fft_gate.dut.U_MODULE0.U_CBFP0.imag_out).
*Verdi* : Dumping the signal (tb_fft_gate.dut.U_MODULE0.U_CBFP0.index_out).
*Verdi* : Dumping the signal (tb_fft_gate.dut.U_MODULE0.U_CBFP0.valid_out).

ucli% fsdbDumpflush 
*Verdi* : Flush all FSDB Files at 0 fs.

ucli% if {[catch {ucliCore::setFocus tool}]} {}

ucli% fsdbDumpflush 
*Verdi* : Flush all FSDB Files at 0 fs.

ucli% senv
activeDomain: Verilog
activeFile: ./tb_fft_gate.sv
activeFrame: 
activeLine: 3
activeScope: tb_fft_gate
activeThread: 
endCol: 0
file: ./tb_fft_gate.sv
frame: 
fsdbFilename: 
hasTB: 0
inputFilename: 
keyFilename: ucli.key
line: 3
logFilename: /home/aedu30/fft/verilog/verdiLog/sim.log
macroIndex: -1
macroOffset: -1
pid: 230650
scope: tb_fft_gate
startCol: 0
state: stopped
thread: 
time: 0
timePrecision: 1 fs
vcdFilename: 
vpdFilename:
ucli% synUtils::resolveSourceFilename ./tb_fft_gate.sv
./tb_fft_gate.sv
ucli% puts $::ucliCore::cbug_active
0

ucli% if {[catch {ucliCore::setFocus tool}]} {}

ucli% checkpoint -list -all
There are no checkpoints present.
ucli% if {[catch {ucliCore::setFocus tool}]} {}

ucli% stop
No stop points are set
ucli% if {[catch {ucliCore::setFocus tool}]} {}

ucli% fsdbDumpvars 1 "tb_fft_gate.dut"  +all +trace_process;fsdbDumpflush 
*Verdi* : Begin traversing the scope (tb_fft_gate.dut), layer (1).
*Verdi* : Enable +trace_process and +all dumping.
*Verdi* : End of traversing.
*Verdi* : Flush all FSDB Files at 0 fs.

ucli% synEnv::hasFataled
0
ucli% ucliCore::getToolPID
230650
ucli% if {[catch {ucliCore::setFocus tool}]} {}

ucli% fsdbDumpvars 1 "tb_fft_gate.dut.U_MODULE0.U_CBFP0"  +all +trace_process;fsdbDumpflush 
*Verdi* : Begin traversing the scope (tb_fft_gate.dut.U_MODULE0.U_CBFP0), layer (1).
*Verdi* : Enable +trace_process and +all dumping.
*Verdi* : End of traversing.
*Verdi* : Flush all FSDB Files at 0 fs.

ucli% synEnv::hasFataled
0
ucli% ucliCore::getToolPID
230650
ucli% if {[catch {ucliCore::setFocus tool}]} {}

ucli% fsdbDumpflush 
*Verdi* : Flush all FSDB Files at 0 fs.

ucli% senv
activeDomain: Verilog
activeFile: ./tb_fft_gate.sv
activeFrame: 
activeLine: 3
activeScope: tb_fft_gate
activeThread: 
endCol: 0
file: ./tb_fft_gate.sv
frame: 
fsdbFilename: 
hasTB: 0
inputFilename: 
keyFilename: ucli.key
line: 3
logFilename: /home/aedu30/fft/verilog/verdiLog/sim.log
macroIndex: -1
macroOffset: -1
pid: 230650
scope: tb_fft_gate
startCol: 0
state: stopped
thread: 
time: 0
timePrecision: 1 fs
vcdFilename: 
vpdFilename:
ucli% synUtils::resolveSourceFilename ./tb_fft_gate.sv
./tb_fft_gate.sv
ucli% puts $::ucliCore::cbug_active
0

ucli% if {[catch {ucliCore::setFocus tool}]} {}

ucli% checkpoint -list -all
There are no checkpoints present.
ucli% if {[catch {ucliCore::setFocus tool}]} {}

ucli% stop
No stop points are set
ucli% if {[catch {ucliCore::setFocus tool}]} {}

ucli% run
<slp!&*()_+>
Block 0 din_i_bus = 000111111000111111000111111000111111000111111001000000001000000001000000001000000001000000001000000001000000001000000001000000001000000000111111
<slb!&*()_+>---<sls!&*()_+>loc: -1<sls!&*()_+>src: ./tb_fft_gate.sv<sls!&*()_+>line: 94<sls!&*()_+>time: 150000000 fs<sls!&*()_+>length: 0<sls!&*()_+>...<sls!&*()_+><sle!&*()_+>
<slp!&*()_+>
Block 1 din_i_bus = 000111011000111100000111100000111100000111101000111101000111101000111101000111101000111110000111110000111110000111110000111110000111111000111111
<slb!&*()_+>---<sls!&*()_+>loc: -1<sls!&*()_+>src: ./tb_fft_gate.sv<sls!&*()_+>line: 112<sls!&*()_+>time: 170000000 fs<sls!&*()_+>length: 0<sls!&*()_+>...<sls!&*()_+><sle!&*()_+>
<slp!&*()_+>
Block 2 din_i_bus = 000110110000110110000110110000110111000110111000111000000111000000111000000111001000111001000111010000111010000111010000111011000111011000111011
<slb!&*()_+>---<sls!&*()_+>loc: -1<sls!&*()_+>src: ./tb_fft_gate.sv<sls!&*()_+>line: 112<sls!&*()_+>time: 180000000 fs<sls!&*()_+>length: 0<sls!&*()_+>...<sls!&*()_+><sle!&*()_+>
<slp!&*()_+>
Block 3 din_i_bus = 000101110000101110000101111000101111000110000000110000000110001000110001000110010000110010000110011000110011000110100000110100000110101000110101
<slb!&*()_+>---<sls!&*()_+>loc: -1<sls!&*()_+>src: ./tb_fft_gate.sv<sls!&*()_+>line: 112<sls!&*()_+>time: 190000000 fs<sls!&*()_+>length: 0<sls!&*()_+>...<sls!&*()_+><sle!&*()_+>
<slp!&*()_+>
Block 4 din_i_bus = 000100100000100101000100101000100110000100111000100111000101000000101001000101001000101010000101010000101011000101100000101100000101101000101101
<slb!&*()_+>---<sls!&*()_+>loc: -1<sls!&*()_+>src: ./tb_fft_gate.sv<sls!&*()_+>line: 112<sls!&*()_+>time: 200000000 fs<sls!&*()_+>length: 0<sls!&*()_+>...<sls!&*()_+><sle!&*()_+>
<slp!&*()_+>
Block 5 din_i_bus = 000011001000011010000011011000011011000011100000011101000011101000011110000011111000100000000100000000100001000100010000100010000100011000100100
<slb!&*()_+>---<sls!&*()_+>loc: -1<sls!&*()_+>src: ./tb_fft_gate.sv<sls!&*()_+>line: 112<sls!&*()_+>time: 210000000 fs<sls!&*()_+>length: 0<sls!&*()_+>...<sls!&*()_+><sle!&*()_+>
<slp!&*()_+>
Block 6 din_i_bus = 000001101000001110000001111000010000000010000000010001000010010000010011000010011000010100000010101000010110000010110000010111000011000000011000
<slb!&*()_+>---<sls!&*()_+>loc: -1<sls!&*()_+>src: ./tb_fft_gate.sv<sls!&*()_+>line: 112<sls!&*()_+>time: 220000000 fs<sls!&*()_+>length: 0<sls!&*()_+>...<sls!&*()_+><sle!&*()_+>
<slp!&*()_+>
Block 7 din_i_bus = 000000001000000010000000010000000011000000100000000101000000101000000110000000111000001000000001001000001001000001010000001011000001100000001100
<slb!&*()_+>---<sls!&*()_+>loc: -1<sls!&*()_+>src: ./tb_fft_gate.sv<sls!&*()_+>line: 112<sls!&*()_+>time: 230000000 fs<sls!&*()_+>length: 0<sls!&*()_+>...<sls!&*()_+><sle!&*()_+>
<slp!&*()_+>
Block 8 din_i_bus = 111110100111110101111110110111110111111110111111111000111111001111111010111111011111111011111111100111111101111111110111111110111111111000000000
<slb!&*()_+>---<sls!&*()_+>loc: -1<sls!&*()_+>src: ./tb_fft_gate.sv<sls!&*()_+>line: 112<sls!&*()_+>time: 240000000 fs<sls!&*()_+>length: 0<sls!&*()_+>...<sls!&*()_+><sle!&*()_+>
<slp!&*()_+>
Block 9 din_i_bus = 111101000111101001111101010111101010111101011111101100111101101111101101111101110111101111111110000111110000111110001111110010111110011111110100
<slb!&*()_+>---<sls!&*()_+>loc: -1<sls!&*()_+>src: ./tb_fft_gate.sv<sls!&*()_+>line: 112<sls!&*()_+>time: 250000000 fs<sls!&*()_+>length: 0<sls!&*()_+>...<sls!&*()_+><sle!&*()_+>
<slp!&*()_+>
Block 10 din_i_bus = 111011101111011110111011110111011111111100000111100000111100001111100010111100011111100011111100100111100101111100101111100110111100111111101000
<slb!&*()_+>---<sls!&*()_+>loc: -1<sls!&*()_+>src: ./tb_fft_gate.sv<sls!&*()_+>line: 112<sls!&*()_+>time: 260000000 fs<sls!&*()_+>length: 0<sls!&*()_+>...<sls!&*()_+><sle!&*()_+>
<slp!&*()_+>
Block 11 din_i_bus = 111010011111010100111010100111010101111010110111010110111010111111010111111011000111011001111011001111011010111011011111011011111011100111011100
<slb!&*()_+>---<sls!&*()_+>loc: -1<sls!&*()_+>src: ./tb_fft_gate.sv<sls!&*()_+>line: 112<sls!&*()_+>time: 270000000 fs<sls!&*()_+>length: 0<sls!&*()_+>...<sls!&*()_+><sle!&*()_+>
<slp!&*()_+>
Block 12 din_i_bus = 111001011111001100111001100111001101111001101111001110111001110111001111111001111111010000111010000111010001111010001111010010111010010111010011
<slb!&*()_+>---<sls!&*()_+>loc: -1<sls!&*()_+>src: ./tb_fft_gate.sv<sls!&*()_+>line: 112<sls!&*()_+>time: 280000000 fs<sls!&*()_+>length: 0<sls!&*()_+>...<sls!&*()_+><sle!&*()_+>
<slp!&*()_+>
Block 13 din_i_bus = 111000101111000101111000110111000110111000110111000111111000111111001000111001000111001000111001001111001001111001010111001010111001010111001011
<slb!&*()_+>---<sls!&*()_+>loc: -1<sls!&*()_+>src: ./tb_fft_gate.sv<sls!&*()_+>line: 112<sls!&*()_+>time: 290000000 fs<sls!&*()_+>length: 0<sls!&*()_+>...<sls!&*()_+><sle!&*()_+>
<slp!&*()_+>
Block 14 din_i_bus = 111000001111000010111000010111000010111000010111000010111000011111000011111000011111000011111000011111000100111000100111000100111000101111000101
<slb!&*()_+>---<sls!&*()_+>loc: -1<sls!&*()_+>src: ./tb_fft_gate.sv<sls!&*()_+>line: 112<sls!&*()_+>time: 300000000 fs<sls!&*()_+>length: 0<sls!&*()_+>...<sls!&*()_+><sle!&*()_+>
<slp!&*()_+>
Block 15 din_i_bus = 111000000111000000111000000111000000111000000111000000111000000111000000111000000111000000111000001111000001111000001111000001111000001111000001
<slb!&*()_+>---<sls!&*()_+>loc: -1<sls!&*()_+>src: ./tb_fft_gate.sv<sls!&*()_+>line: 112<sls!&*()_+>time: 310000000 fs<sls!&*()_+>length: 0<sls!&*()_+>...<sls!&*()_+><sle!&*()_+>
<slp!&*()_+>
Block 16 din_i_bus = 111000001111000001111000001111000001111000001111000000111000000111000000111000000111000000111000000111000000111000000111000000111000000111000000
<slb!&*()_+>---<sls!&*()_+>loc: -1<sls!&*()_+>src: ./tb_fft_gate.sv<sls!&*()_+>line: 112<sls!&*()_+>time: 320000000 fs<sls!&*()_+>length: 0<sls!&*()_+>...<sls!&*()_+><sle!&*()_+>
<slp!&*()_+>
Block 17 din_i_bus = 111000101111000100111000100111000100111000011111000011111000011111000011111000011111000010111000010111000010111000010111000010111000001111000001
<slb!&*()_+>---<sls!&*()_+>loc: -1<sls!&*()_+>src: ./tb_fft_gate.sv<sls!&*()_+>line: 112<sls!&*()_+>time: 330000000 fs<sls!&*()_+>length: 0<sls!&*()_+>...<sls!&*()_+><sle!&*()_+>
<slp!&*()_+>
Block 18 din_i_bus = 111001010111001010111001010111001001111001001111001000111001000111001000111000111111000111111000110111000110111000110111000101111000101111000101
<slb!&*()_+>---<sls!&*()_+>loc: -1<sls!&*()_+>src: ./tb_fft_gate.sv<sls!&*()_+>line: 112<sls!&*()_+>time: 340000000 fs<sls!&*()_+>length: 0<sls!&*()_+>...<sls!&*()_+><sle!&*()_+>
<slp!&*()_+>
Block 19 din_i_bus = 111010010111010010111010001111010001111010000111010000111001111111001111111001110111001110111001101111001101111001100111001100111001011111001011
<slb!&*()_+>---<sls!&*()_+>loc: -1<sls!&*()_+>src: ./tb_fft_gate.sv<sls!&*()_+>line: 112<sls!&*()_+>time: 350000000 fs<sls!&*()_+>length: 0<sls!&*()_+>...<sls!&*()_+><sle!&*()_+>
<slp!&*()_+>
Block 20 din_i_bus = 111011100111011011111011011111011010111011001111011001111011000111010111111010111111010110111010110111010101111010100111010100111010011111010011
<slb!&*()_+>---<sls!&*()_+>loc: -1<sls!&*()_+>src: ./tb_fft_gate.sv<sls!&*()_+>line: 112<sls!&*()_+>time: 360000000 fs<sls!&*()_+>length: 0<sls!&*()_+>...<sls!&*()_+><sle!&*()_+>
<slp!&*()_+>
Block 21 din_i_bus = 111100111111100110111100101111100101111100100111100011111100011111100010111100001111100000111100000111011111111011110111011110111011101111011100
<slb!&*()_+>---<sls!&*()_+>loc: -1<sls!&*()_+>src: ./tb_fft_gate.sv<sls!&*()_+>line: 112<sls!&*()_+>time: 370000000 fs<sls!&*()_+>length: 0<sls!&*()_+>...<sls!&*()_+><sle!&*()_+>
<slp!&*()_+>
Block 22 din_i_bus = 111110011111110010111110001111110000111110000111101111111101110111101101111101101111101100111101011111101010111101010111101001111101000111101000
<slb!&*()_+>---<sls!&*()_+>loc: -1<sls!&*()_+>src: ./tb_fft_gate.sv<sls!&*()_+>line: 112<sls!&*()_+>time: 380000000 fs<sls!&*()_+>length: 0<sls!&*()_+>...<sls!&*()_+><sle!&*()_+>
<slp!&*()_+>
Block 23 din_i_bus = 111111111111111110111111110111111101111111100111111011111111011111111010111111001111111000111110111111110111111110110111110101111110100111110100
<slb!&*()_+>---<sls!&*()_+>loc: -1<sls!&*()_+>src: ./tb_fft_gate.sv<sls!&*()_+>line: 112<sls!&*()_+>time: 390000000 fs<sls!&*()_+>length: 0<sls!&*()_+>...<sls!&*()_+><sle!&*()_+>
<slp!&*()_+>
Block 24 din_i_bus = 000001100000001011000001010000001001000001001000001000000000111000000110000000101000000101000000100000000011000000010000000010000000001000000000
<slb!&*()_+>---<sls!&*()_+>loc: -1<sls!&*()_+>src: ./tb_fft_gate.sv<sls!&*()_+>line: 112<sls!&*()_+>time: 400000000 fs<sls!&*()_+>length: 0<sls!&*()_+>...<sls!&*()_+><sle!&*()_+>
<slp!&*()_+>
Block 25 din_i_bus = 000011000000010111000010110000010110000010101000010100000010011000010011000010010000010001000010000000010000000001111000001110000001101000001100
<slb!&*()_+>---<sls!&*()_+>loc: -1<sls!&*()_+>src: ./tb_fft_gate.sv<sls!&*()_+>line: 112<sls!&*()_+>time: 410000000 fs<sls!&*()_+>length: 0<sls!&*()_+>...<sls!&*()_+><sle!&*()_+>
<slp!&*()_+>
Block 26 din_i_bus = 000100011000100010000100010000100001000100000000100000000011111000011110000011101000011101000011100000011011000011011000011010000011001000011000
<slb!&*()_+>---<sls!&*()_+>loc: -1<sls!&*()_+>src: ./tb_fft_gate.sv<sls!&*()_+>line: 112<sls!&*()_+>time: 420000000 fs<sls!&*()_+>length: 0<sls!&*()_+>...<sls!&*()_+><sle!&*()_+>
<slp!&*()_+>
Block 27 din_i_bus = 000101101000101100000101100000101011000101010000101010000101001000101001000101000000100111000100111000100110000100101000100101000100100000100100
<slb!&*()_+>---<sls!&*()_+>loc: -1<sls!&*()_+>src: ./tb_fft_gate.sv<sls!&*()_+>line: 112<sls!&*()_+>time: 430000000 fs<sls!&*()_+>length: 0<sls!&*()_+>...<sls!&*()_+><sle!&*()_+>
<slp!&*()_+>
Block 28 din_i_bus = 000110101000110100000110100000110011000110011000110010000110010000110001000110001000110000000110000000101111000101111000101110000101110000101101
<slb!&*()_+>---<sls!&*()_+>loc: -1<sls!&*()_+>src: ./tb_fft_gate.sv<sls!&*()_+>line: 112<sls!&*()_+>time: 440000000 fs<sls!&*()_+>length: 0<sls!&*()_+>...<sls!&*()_+><sle!&*()_+>
<slp!&*()_+>
Block 29 din_i_bus = 000111011000111011000111010000111010000111010000111001000111001000111000000111000000111000000110111000110111000110110000110110000110110000110101
<slb!&*()_+>---<sls!&*()_+>loc: -1<sls!&*()_+>src: ./tb_fft_gate.sv<sls!&*()_+>line: 112<sls!&*()_+>time: 450000000 fs<sls!&*()_+>length: 0<sls!&*()_+>...<sls!&*()_+><sle!&*()_+>
<slp!&*()_+>
Block 30 din_i_bus = 000111111000111110000111110000111110000111110000111110000111101000111101000111101000111101000111101000111100000111100000111100000111011000111011
<slb!&*()_+>---<sls!&*()_+>loc: -1<sls!&*()_+>src: ./tb_fft_gate.sv<sls!&*()_+>line: 112<sls!&*()_+>time: 460000000 fs<sls!&*()_+>length: 0<sls!&*()_+>...<sls!&*()_+><sle!&*()_+>
<slp!&*()_+>
Block 31 din_i_bus = 001000000001000000001000000001000000001000000001000000001000000001000000001000000001000000000111111000111111000111111000111111000111111000111111
<slb!&*()_+>---<sls!&*()_+>loc: -1<sls!&*()_+>src: ./tb_fft_gate.sv<sls!&*()_+>line: 112<sls!&*()_+>time: 470000000 fs<sls!&*()_+>length: 0<sls!&*()_+>...<sls!&*()_+><sle!&*()_+>
tb_fft_gate.sv, 127 :     $stop;

ucli% synEnv::hasFataled
0
ucli% ucliCore::getToolPID
230650
ucli% synEnv::isFinished
0
ucli% save::getUserdefinedProcs
::stateVerdiChangeCB ::LoadFSDBDumpCmd
ucli% if {[catch {ucliCore::setFocus tool}]} {}

ucli% fsdbDumpflush 
*Verdi* : Flush all FSDB Files at 1,775,000,000 fs.

ucli% senv
activeDomain: Verilog
activeFile: ./tb_fft_gate.sv
activeFrame: 
activeLine: 127
activeScope: tb_fft_gate
activeThread: 
endCol: 0
file: ./tb_fft_gate.sv
frame: 
fsdbFilename: 
hasTB: 0
inputFilename: 
keyFilename: ucli.key
line: 127
logFilename: /home/aedu30/fft/verilog/verdiLog/sim.log
macroIndex: -1
macroOffset: -1
pid: 230650
scope: tb_fft_gate
startCol: 0
state: stopped
thread: 
time: 1775000000
timePrecision: 1 fs
vcdFilename: 
vpdFilename:
ucli% synUtils::resolveSourceFilename ./tb_fft_gate.sv
./tb_fft_gate.sv
ucli% puts $::ucliCore::cbug_active
0

ucli% if {[catch {ucliCore::setFocus tool}]} {}

ucli% checkpoint -list -all
There are no checkpoints present.
ucli% if {[catch {ucliCore::setFocus tool}]} {}

ucli% stop
No stop points are set
ucli% if {[catch {ucliCore::setFocus tool}]} {}

ucli% finish; quit
           V C S   S i m u l a t i o n   R e p o r t 
Time: 1775000000 fs
CPU Time:      1.940 seconds;       Data structure size:  75.8Mb
Sun Aug  3 00:52:39 2025

<VERDI_Terminated>

